<?xml version="1.0" encoding="UTF-8"?>
<!-- Generated by org.testng.reporters.JUnitXMLReporter -->
<testsuite ignored="0" hostname="MSI" failures="0" tests="4" name="Test" time="8.468" errors="0" timestamp="2024-04-29T18:38:47 IST">
  <testcase classname="tests.FourTest" name="testFour" time="0.021"/>
  <testcase classname="tests.TwoTest" name="testTwo" time="0.003"/>
  <testcase classname="tests.ThreeTest" name="testThree" time="0.002"/>
  <testcase classname="tests.LoginTest" name="login" time="1.787"/>
</testsuite> <!-- Test -->
